{"level":"error","message":"getaddrinfo ENOTFOUND database-host"}
{"level":"error","message":"getaddrinfo ENOTFOUND database-host"}
{"level":"error","message":"getaddrinfo ENOTFOUND database-host"}
{"level":"error","message":"getaddrinfo ENOTFOUND database-host"}
{"level":"error","message":"getaddrinfo ENOTFOUND database-localhost"}
{"level":"error","message":"getaddrinfo ENOTFOUND database-localhost"}
{"level":"error","message":"getaddrinfo ENOTFOUND database-localhost"}
{"level":"error","message":"getaddrinfo ENOTFOUND database-localhost"}
{"level":"info","message":"DB created!"}
{"level":"info","message":"Database connected"}
{"level":"info","message":"Table users created!"}
{"level":"info","message":"Running on PORT 3000"}
{"level":"info","message":"Database connected"}
{"level":"info","message":"Running on PORT 3000"}
{"level":"info","message":"Database connected"}
{"level":"info","message":"Running on PORT 3000"}
{"level":"info","message":"Database connected"}
{"level":"info","message":"Running on PORT 3000"}
{"level":"info","message":"Database connected"}
{"level":"info","message":"Running on PORT 3000"}
{"level":"info","message":"Database connected"}
{"level":"info","message":"Running on PORT 3000"}
{"level":"info","message":"Database connected"}
{"level":"info","message":"Running on PORT 3000"}
{"level":"info","message":"Database connected"}
{"level":"info","message":"Running on PORT 3000"}
{"level":"info","message":"Database connected"}
{"level":"info","message":"Running on PORT 3000"}
{"level":"info","message":"Database connected"}
{"level":"info","message":"Running on PORT 3000"}
{"level":"info","message":"Database connected"}
{"level":"info","message":"Running on PORT 3000"}
{"level":"info","message":"Database connected"}
{"level":"info","message":"Running on PORT 3000"}
{"level":"info","message":"Database connected"}
{"level":"info","message":"Running on PORT 3000"}
{"level":"info","message":"Database connected"}
{"level":"info","message":"Running on PORT 3000"}
{"level":"info","message":"Database connected"}
{"level":"info","message":"Running on PORT 3000"}
{"level":"info","message":"Database connected"}
{"level":"info","message":"Running on PORT 3000"}
{"level":"info","message":"Database connected"}
{"level":"info","message":"Running on PORT 3000"}
{"level":"info","message":"Database connected"}
{"level":"info","message":"Running on PORT 3000"}
{"level":"info","message":"Database connected"}
{"level":"error","message":"jwt must be a string","name":"JsonWebTokenError"}
{"level":"error","message":"jwt must be a string","name":"JsonWebTokenError"}
{"level":"info","message":"Running on PORT 3000"}
{"level":"info","message":"Database connected"}
{"level":"info","message":"Running on PORT 3000"}
{"level":"info","message":"Database connected"}
{"level":"info","message":"Running on PORT 3000"}
{"level":"info","message":"Database connected"}
{"level":"info","message":"Running on PORT 3000"}
{"level":"info","message":"Database connected"}
{"level":"info","message":"Running on PORT 3000"}
{"level":"info","message":"Database connected"}
{"level":"info","message":"Running on PORT 3000"}
{"level":"info","message":"Database connected"}
{"level":"info","message":"Running on PORT 3000"}
{"level":"info","message":"Database connected"}
{"level":"info","message":"Running on PORT 3000"}
{"level":"info","message":"Database connected"}
{"level":"info","message":"Running on PORT 3000"}
{"level":"info","message":"Database connected"}
{"level":"info","message":"Running on PORT 3000"}
{"level":"info","message":"Database connected"}
{"level":"info","message":"Running on PORT 3000"}
{"level":"info","message":"Database connected"}
{"level":"info","message":"Running on PORT 3000"}
{"level":"info","message":"Database connected"}
{"level":"info","message":"Running on PORT 3000"}
{"level":"info","message":"Database connected"}
{"level":"info","message":"Running on PORT 3000"}
{"level":"info","message":"Database connected"}
{"level":"info","message":"Running on PORT 3000"}
{"level":"info","message":"Database connected"}
{"level":"info","message":"Running on PORT 3000"}
{"level":"info","message":"Database connected"}
{"level":"info","message":"Running on PORT 3000"}
{"level":"info","message":"Database connected"}
{"level":"info","message":"Running on PORT 3000"}
{"level":"info","message":"Database connected"}
{"level":"info","message":"Running on PORT 3000"}
{"level":"info","message":"Database connected"}
{"level":"info","message":"Running on PORT 3000"}
{"level":"info","message":"Database connected"}
{"level":"info","message":"Running on PORT 3000"}
{"level":"info","message":"Database connected"}
{"level":"info","message":"Running on PORT 3000"}
{"level":"info","message":"Database connected"}
{"level":"info","message":"Running on PORT 3000"}
{"level":"info","message":"Database connected"}
{"level":"error","message":"jwt must be a string","name":"JsonWebTokenError"}
{"level":"error","message":"jwt must be a string","name":"JsonWebTokenError"}
{"level":"error","message":"jwt must be a string","name":"JsonWebTokenError"}
{"level":"info","message":"Running on PORT 3000"}
{"level":"info","message":"Database connected"}
{"level":"info","message":"Running on PORT 3000"}
{"level":"info","message":"Database connected"}
{"level":"info","message":"Running on PORT 3000"}
{"level":"info","message":"Database connected"}
{"level":"info","message":"Running on PORT 3000"}
{"level":"info","message":"Database connected"}
{"level":"info","message":"Running on PORT 3000"}
{"level":"info","message":"Database connected"}
{"level":"info","message":"Running on PORT 3000"}
{"level":"info","message":"Database connected"}
{"level":"info","message":"Running on PORT 3000"}
{"level":"info","message":"Database connected"}
{"level":"info","message":"Running on PORT 3000"}
{"level":"info","message":"Database connected"}
{"level":"info","message":"Running on PORT 3000"}
{"level":"info","message":"Database connected"}
{"level":"info","message":"Running on PORT 3000"}
{"level":"info","message":"Database connected"}
{"level":"info","message":"Running on PORT 3000"}
{"level":"info","message":"Database connected"}
{"level":"info","message":"Running on PORT 3000"}
{"level":"info","message":"Database connected"}
{"level":"info","message":"Running on PORT 3000"}
{"level":"info","message":"Database connected"}
{"level":"info","message":"Running on PORT 3000"}
{"level":"info","message":"Database connected"}
{"level":"info","message":"Running on PORT 3000"}
{"level":"info","message":"Database connected"}
{"level":"info","message":"Running on PORT 3000"}
{"level":"info","message":"Database connected"}
{"level":"info","message":"Running on PORT 3000"}
{"level":"info","message":"Database connected"}
{"level":"info","message":"Running on PORT 3000"}
{"level":"info","message":"Database connected"}
{"level":"info","message":"Running on PORT 3000"}
{"level":"info","message":"Database connected"}
{"level":"info","message":"Running on PORT 3000"}
{"level":"info","message":"Database connected"}
{"level":"info","message":"Running on PORT 3000"}
{"level":"info","message":"Database connected"}
{"level":"info","message":"Running on PORT 3000"}
{"level":"info","message":"Database connected"}
{"level":"info","message":"Running on PORT 3000"}
{"level":"info","message":"Database connected"}
{"level":"info","message":"Running on PORT 3000"}
{"level":"info","message":"Database connected"}
{"level":"info","message":"Running on PORT 3000"}
{"level":"info","message":"Database connected"}
{"level":"info","message":"Running on PORT 3000"}
{"level":"info","message":"Database connected"}
{"level":"info","message":"Running on PORT 3000"}
{"level":"info","message":"Database connected"}
